0 info it worked if it ends with ok
1 verbose cli [
1 verbose cli   'C:\\Program Files\\nodejs\\node.exe',
1 verbose cli   'C:\\Users\\User\\AppData\\Roaming\\npm\\node_modules\\npm\\bin\\npm-cli.js',
1 verbose cli   'run',
1 verbose cli   'dev'
1 verbose cli ]
2 info using npm@3.10.10
3 info using node@v14.18.1
4 verbose run-script [ 'predev', 'dev', 'postdev' ]
5 info lifecycle lessons@1.0.0~predev: lessons@1.0.0
6 silly lifecycle lessons@1.0.0~predev: no script for predev, continuing
7 info lifecycle lessons@1.0.0~dev: lessons@1.0.0
8 verbose lifecycle lessons@1.0.0~dev: unsafe-perm in lifecycle true
9 verbose lifecycle lessons@1.0.0~dev: PATH: C:\Users\User\AppData\Roaming\npm\node_modules\npm\bin\node-gyp-bin;C:\Users\User\Desktop\Lessons\node_modules\.bin;C:\Windows\system32;C:\Windows;C:\Windows\System32\Wbem;C:\Windows\System32\WindowsPowerShell\v1.0\;C:\Windows\System32\OpenSSH\;C:\Program Files\nodejs\;C:\Program Files\Common Files\Autodesk Shared\;C:\Program Files\Microsoft SQL Server\120\Tools\Binn\;C:\Program Files\Git\cmd;C:\Users\User\AppData\Local\Microsoft\WindowsApps;C:\Users\User\AppData\Local\GitHubDesktop\bin;C:\Users\User\AppData\Roaming\npm;C:\Program Files\heroku\bin;C:\Users\User\AppData\Local\Programs\Microsoft VS Code\bin
10 verbose lifecycle lessons@1.0.0~dev: CWD: C:\Users\User\Desktop\Lessons
11 silly lifecycle lessons@1.0.0~dev: Args: [ '/d /s /c', 'nodemon index.js' ]
12 silly lifecycle lessons@1.0.0~dev: Returned: code: 3221225786  signal: null
13 info lifecycle lessons@1.0.0~dev: Failed to exec dev script
14 verbose stack Error: lessons@1.0.0 dev: `nodemon index.js`
14 verbose stack Exit status 3221225786
14 verbose stack     at EventEmitter.<anonymous> (C:\Users\User\AppData\Roaming\npm\node_modules\npm\lib\utils\lifecycle.js:255:16)
14 verbose stack     at EventEmitter.emit (events.js:400:28)
14 verbose stack     at ChildProcess.<anonymous> (C:\Users\User\AppData\Roaming\npm\node_modules\npm\lib\utils\spawn.js:40:14)
14 verbose stack     at ChildProcess.emit (events.js:400:28)
14 verbose stack     at maybeClose (internal/child_process.js:1058:16)
14 verbose stack     at Process.ChildProcess._handle.onexit (internal/child_process.js:293:5)
15 verbose pkgid lessons@1.0.0
16 verbose cwd C:\Users\User\Desktop\Lessons
17 error Windows_NT 10.0.17763
18 error argv "C:\\Program Files\\nodejs\\node.exe" "C:\\Users\\User\\AppData\\Roaming\\npm\\node_modules\\npm\\bin\\npm-cli.js" "run" "dev"
19 error node v14.18.1
20 error npm  v3.10.10
21 error code ELIFECYCLE
22 error lessons@1.0.0 dev: `nodemon index.js`
22 error Exit status 3221225786
23 error Failed at the lessons@1.0.0 dev script 'nodemon index.js'.
23 error Make sure you have the latest version of node.js and npm installed.
23 error If you do, this is most likely a problem with the lessons package,
23 error not with npm itself.
23 error Tell the author that this fails on your system:
23 error     nodemon index.js
23 error You can get information on how to open an issue for this project with:
23 error     npm bugs lessons
23 error Or if that isn't available, you can get their info via:
23 error     npm owner ls lessons
23 error There is likely additional logging output above.
24 verbose exit [ 1, true ]
